2021-11-19 09:08:50.250 INFO  c.zty.knowledge_system.KnowledgeSystemApplication :55   [32m                  [0;39m Starting KnowledgeSystemApplication using Java 1.8.0_251 on DESKTOP-KC1GQUV with PID 7856 (D:\IDEA_Project\knowledge_system\target\classes started by 86134 in D:\IDEA_Project\knowledge_system)
2021-11-19 09:08:50.254 INFO  c.zty.knowledge_system.KnowledgeSystemApplication :660  [32m                  [0;39m No active profile set, falling back to default profiles: default
2021-11-19 09:08:51.181 INFO  o.s.boot.web.embedded.tomcat.TomcatWebServer      :108  [32m                  [0;39m Tomcat initialized with port(s): 8080 (http)
2021-11-19 09:08:51.193 INFO  org.apache.coyote.http11.Http11NioProtocol        :173  [32m                  [0;39m Initializing ProtocolHandler ["http-nio-8080"]
2021-11-19 09:08:51.197 INFO  org.apache.catalina.core.StandardService          :173  [32m                  [0;39m Starting service [Tomcat]
2021-11-19 09:08:51.198 INFO  org.apache.catalina.core.StandardEngine           :173  [32m                  [0;39m Starting Servlet engine: [Apache Tomcat/9.0.39]
2021-11-19 09:08:51.309 INFO  o.a.c.core.ContainerBase.[Tomcat].[localhost].[/] :173  [32m                  [0;39m Initializing Spring embedded WebApplicationContext
2021-11-19 09:08:51.309 INFO  o.s.b.w.s.c.ServletWebServerApplicationContext    :289  [32m                  [0;39m Root WebApplicationContext: initialization completed in 997 ms
2021-11-19 09:08:51.461 INFO  o.s.scheduling.concurrent.ThreadPoolTaskExecutor  :181  [32m                  [0;39m Initializing ExecutorService 'applicationTaskExecutor'
2021-11-19 09:08:51.613 INFO  org.apache.coyote.http11.Http11NioProtocol        :173  [32m                  [0;39m Starting ProtocolHandler ["http-nio-8080"]
2021-11-19 09:08:51.635 INFO  o.s.boot.web.embedded.tomcat.TomcatWebServer      :220  [32m                  [0;39m Tomcat started on port(s): 8080 (http) with context path ''
2021-11-19 09:08:51.649 INFO  c.zty.knowledge_system.KnowledgeSystemApplication :61   [32m                  [0;39m Started KnowledgeSystemApplication in 2.035 seconds (JVM running for 4.008)
2021-11-19 09:21:33.546 INFO  c.zty.knowledge_system.KnowledgeSystemApplication :55   [32m                  [0;39m Starting KnowledgeSystemApplication using Java 1.8.0_251 on DESKTOP-KC1GQUV with PID 6484 (D:\IDEA_Project\knowledge_system\target\classes started by 86134 in D:\IDEA_Project\knowledge_system)
2021-11-19 09:21:33.554 INFO  c.zty.knowledge_system.KnowledgeSystemApplication :660  [32m                  [0;39m No active profile set, falling back to default profiles: default
2021-11-19 09:21:34.591 INFO  o.s.boot.web.embedded.tomcat.TomcatWebServer      :108  [32m                  [0;39m Tomcat initialized with port(s): 8080 (http)
2021-11-19 09:21:34.600 INFO  org.apache.coyote.http11.Http11NioProtocol        :173  [32m                  [0;39m Initializing ProtocolHandler ["http-nio-8080"]
2021-11-19 09:21:34.601 INFO  org.apache.catalina.core.StandardService          :173  [32m                  [0;39m Starting service [Tomcat]
2021-11-19 09:21:34.601 INFO  org.apache.catalina.core.StandardEngine           :173  [32m                  [0;39m Starting Servlet engine: [Apache Tomcat/9.0.39]
2021-11-19 09:21:34.720 INFO  o.a.c.core.ContainerBase.[Tomcat].[localhost].[/] :173  [32m                  [0;39m Initializing Spring embedded WebApplicationContext
2021-11-19 09:21:34.721 INFO  o.s.b.w.s.c.ServletWebServerApplicationContext    :289  [32m                  [0;39m Root WebApplicationContext: initialization completed in 1083 ms
2021-11-19 09:21:34.883 INFO  o.s.scheduling.concurrent.ThreadPoolTaskExecutor  :181  [32m                  [0;39m Initializing ExecutorService 'applicationTaskExecutor'
2021-11-19 09:21:35.048 INFO  org.apache.coyote.http11.Http11NioProtocol        :173  [32m                  [0;39m Starting ProtocolHandler ["http-nio-8080"]
2021-11-19 09:21:35.070 INFO  o.s.boot.web.embedded.tomcat.TomcatWebServer      :220  [32m                  [0;39m Tomcat started on port(s): 8080 (http) with context path ''
2021-11-19 09:21:35.081 INFO  c.zty.knowledge_system.KnowledgeSystemApplication :61   [32m                  [0;39m Started KnowledgeSystemApplication in 2.16 seconds (JVM running for 4.405)
2021-11-19 09:21:35.084 INFO  c.zty.knowledge_system.KnowledgeSystemApplication :14   [32m                  [0;39m 启动成功！
2021-11-19 09:21:35.084 INFO  c.zty.knowledge_system.KnowledgeSystemApplication :15   [32m                  [0;39m 地址：	http://127.0.0.1:null
2021-11-19 09:21:53.917 INFO  c.zty.knowledge_system.KnowledgeSystemApplication :55   [32m                  [0;39m Starting KnowledgeSystemApplication using Java 1.8.0_251 on DESKTOP-KC1GQUV with PID 5644 (D:\IDEA_Project\knowledge_system\target\classes started by 86134 in D:\IDEA_Project\knowledge_system)
2021-11-19 09:21:53.921 INFO  c.zty.knowledge_system.KnowledgeSystemApplication :660  [32m                  [0;39m No active profile set, falling back to default profiles: default
2021-11-19 09:21:55.277 INFO  o.s.boot.web.embedded.tomcat.TomcatWebServer      :108  [32m                  [0;39m Tomcat initialized with port(s): 8080 (http)
2021-11-19 09:21:55.290 INFO  org.apache.coyote.http11.Http11NioProtocol        :173  [32m                  [0;39m Initializing ProtocolHandler ["http-nio-8080"]
2021-11-19 09:21:55.291 INFO  org.apache.catalina.core.StandardService          :173  [32m                  [0;39m Starting service [Tomcat]
2021-11-19 09:21:55.292 INFO  org.apache.catalina.core.StandardEngine           :173  [32m                  [0;39m Starting Servlet engine: [Apache Tomcat/9.0.39]
2021-11-19 09:21:55.437 INFO  o.a.c.core.ContainerBase.[Tomcat].[localhost].[/] :173  [32m                  [0;39m Initializing Spring embedded WebApplicationContext
2021-11-19 09:21:55.440 INFO  o.s.b.w.s.c.ServletWebServerApplicationContext    :289  [32m                  [0;39m Root WebApplicationContext: initialization completed in 1450 ms
2021-11-19 09:21:55.653 INFO  o.s.scheduling.concurrent.ThreadPoolTaskExecutor  :181  [32m                  [0;39m Initializing ExecutorService 'applicationTaskExecutor'
2021-11-19 09:21:55.871 INFO  org.apache.coyote.http11.Http11NioProtocol        :173  [32m                  [0;39m Starting ProtocolHandler ["http-nio-8080"]
2021-11-19 09:21:55.894 INFO  o.s.boot.web.embedded.tomcat.TomcatWebServer      :220  [32m                  [0;39m Tomcat started on port(s): 8080 (http) with context path ''
2021-11-19 09:21:55.916 INFO  c.zty.knowledge_system.KnowledgeSystemApplication :61   [32m                  [0;39m Started KnowledgeSystemApplication in 2.621 seconds (JVM running for 4.566)
2021-11-19 09:21:55.921 INFO  c.zty.knowledge_system.KnowledgeSystemApplication :14   [32m                  [0;39m 启动成功！
2021-11-19 09:21:55.922 INFO  c.zty.knowledge_system.KnowledgeSystemApplication :15   [32m                  [0;39m 地址：	http://127.0.0.1:8080
